Studio Project/KukuiCup/app/build/outputs/logs/manifest-merger-debug-report.txt
-- Merging decision tree log ---
manifest
ADDED from src\main\AndroidManifest.xml:2:1-60:12
	xmlns:android
		ADDED from src\main\AndroidManifest.xml:2:11-69
	package
		ADDED from src\main\AndroidManifest.xml:3:5-34
		INJECTED from src\main\AndroidManifest.xml
		INJECTED from src\main\AndroidManifest.xml
	android:versionName
		ADDED from src\main\AndroidManifest.xml:5:5-30
		INJECTED from src\main\AndroidManifest.xml
		INJECTED from src\main\AndroidManifest.xml
	android:versionCode
		ADDED from src\main\AndroidManifest.xml:4:5-28
		INJECTED from src\main\AndroidManifest.xml
		INJECTED from src\main\AndroidManifest.xml
uses-sdk
ADDED from src\main\AndroidManifest.xml:7:5-44
	android:targetSdkVersion
		INJECTED from src\main\AndroidManifest.xml
		INJECTED from src\main\AndroidManifest.xml
	android:minSdkVersion
		ADDED from src\main\AndroidManifest.xml:7:15-41
		INJECTED from src\main\AndroidManifest.xml
		INJECTED from src\main\AndroidManifest.xml
uses-permission#android.permission.INTERNET
ADDED from src\main\AndroidManifest.xml:9:5-66
	android:name
		ADDED from src\main\AndroidManifest.xml:9:22-64
uses-feature#android.hardware.camera
ADDED from src\main\AndroidManifest.xml:11:5-84
	android:required
		ADDED from src\main\AndroidManifest.xml:11:58-82
	android:name
		ADDED from src\main\AndroidManifest.xml:11:19-57
application
ADDED from src\main\AndroidManifest.xml:13:5-56:20
	android:label
		ADDED from src\main\AndroidManifest.xml:16:9-41
	android:allowBackup
		ADDED from src\main\AndroidManifest.xml:14:9-35
	android:icon
		ADDED from src\main\AndroidManifest.xml:15:9-45
activity#com.ub.tfg.kukuicup.vista.LoginActivity
ADDED from src\main\AndroidManifest.xml:18:9-27:20
	android:screenOrientation
		ADDED from src\main\AndroidManifest.xml:21:13-49
	android:label
		ADDED from src\main\AndroidManifest.xml:20:13-45
	android:name
		ADDED from src\main\AndroidManifest.xml:19:13-48
intent-filter#android.intent.action.MAIN+android.intent.category.LAUNCHER
ADDED from src\main\AndroidManifest.xml:22:13-26:29
action#android.intent.action.MAIN
ADDED from src\main\AndroidManifest.xml:23:17-69
	android:name
		ADDED from src\main\AndroidManifest.xml:23:25-66
category#android.intent.category.LAUNCHER
ADDED from src\main\AndroidManifest.xml:25:17-77
	android:name
		ADDED from src\main\AndroidManifest.xml:25:27-74
activity#com.ub.tfg.kukuicup.vista.MainActivity
ADDED from src\main\AndroidManifest.xml:28:9-31:20
	android:screenOrientation
		ADDED from src\main\AndroidManifest.xml:30:13-50
	android:name
		ADDED from src\main\AndroidManifest.xml:29:13-47
activity#com.ub.tfg.kukuicup.vista.MenuActivity
ADDED from src\main\AndroidManifest.xml:32:9-35:20
	android:screenOrientation
		ADDED from src\main\AndroidManifest.xml:34:13-50
	android:name
		ADDED from src\main\AndroidManifest.xml:33:13-47
activity#com.ub.tfg.kukuicup.admin.vista.MenuAdminActivity
ADDED from src\main\AndroidManifest.xml:36:9-39:20
	android:screenOrientation
		ADDED from src\main\AndroidManifest.xml:38:13-50
	android:name
		ADDED from src\main\AndroidManifest.xml:37:13-58
activity#com.ub.tfg.kukuicup.vista.TasteIt
ADDED from src\main\AndroidManifest.xml:40:9-43:20
	android:screenOrientation
		ADDED from src\main\AndroidManifest.xml:42:13-49
	android:name
		ADDED from src\main\AndroidManifest.xml:41:13-42
activity#com.ub.tfg.kukuicup.vista.VideoActivity
ADDED from src\main\AndroidManifest.xml:44:9-47:20
	android:screenOrientation
		ADDED from src\main\AndroidManifest.xml:46:13-50
	android:name
		ADDED from src\main\AndroidManifest.xml:45:13-48
activity#com.ub.tfg.kukuicup.vista.SavingActionActivity
ADDED from src\main\AndroidManifest.xml:48:9-51:20
	android:screenOrientation
		ADDED from src\main\AndroidManifest.xml:50:13-50
	android:name
		ADDED from src\main\AndroidManifest.xml:49:13-55
activity#com.ub.tfg.kukuicup.vista.EnergyChallengeActivity
ADDED from src\main\AndroidManifest.xml:52:9-55:20
	android:screenOrientation
		ADDED from src\main\AndroidManifest.xml:54:13-50
	android:name
		ADDED from src\main\AndroidManifest.xml:53:13-58